<?xml version="1.0" encoding="UTF-8"?>
<testng-results skipped="0" failed="0" total="1" passed="1">
  <reporter-output>
  </reporter-output>
  <suite name="Default suite" duration-ms="8785" started-at="2019-09-28T05:48:33Z" finished-at="2019-09-28T05:48:42Z">
    <groups>
    </groups>
    <test name="Default test" duration-ms="8785" started-at="2019-09-28T05:48:33Z" finished-at="2019-09-28T05:48:42Z">
      <class name="test.LoginTest">
        <test-method status="PASS" signature="TechfiosLoginTest()[pri:0, instance:test.LoginTest@185d8b6]" name="TechfiosLoginTest" duration-ms="8763" started-at="2019-09-28T01:48:33Z" finished-at="2019-09-28T01:48:42Z">
          <reporter-output>
          </reporter-output>
        </test-method> <!-- TechfiosLoginTest -->
      </class> <!-- test.LoginTest -->
    </test> <!-- Default test -->
  </suite> <!-- Default suite -->
</testng-results>
